Arguments: 
  /home/matheus/.nvm/versions/node/v12.16.1/bin/node /usr/share/yarn/bin/yarn.js install

PATH: 
  /home/matheus/.zinit/polaris/sbin:/home/matheus/.zinit/polaris/bin:/home/matheus/.nvm/versions/node/v12.16.1/bin:/usr/local/sbin:/usr/local/bin:/usr/sbin:/usr/bin:/sbin:/bin:/usr/games:/usr/local/games:/snap/bin:/home/matheus/Android/Sdk/emulator:/home/matheus/Android/Sdk/tools:/home/matheus/Android/Sdk/tools/bin:/home/matheus/Android/Sdk/platform-tools

Yarn version: 
  1.22.5

Node version: 
  12.16.1

Platform: 
  linux x64

Trace: 
  Error: connect ECONNREFUSED 192.168.1.1:443
      at TCPConnectWrap.afterConnect [as oncomplete] (net.js:1137:16)

npm manifest: 
  {
    "main": "node_modules/expo/AppEntry.js",
    "scripts": {
      "start": "expo start",
      "android": "expo start --android",
      "ios": "expo start --ios",
      "web": "expo start --web",
      "eject": "expo eject"
    },
    "dependencies": {
      "expo": "~40.0.0",
      "expo-status-bar": "~1.0.3",
      "react": "16.13.1",
      "react-dom": "16.13.1",
      "react-native": "https://github.com/expo/react-native/archive/sdk-40.0.1.tar.gz",
      "react-native-web": "~0.13.12"
    },
    "devDependencies": {
      "@babel/core": "~7.9.0"
    },
    "private": true
  }

yarn manifest: 
  No manifest

Lockfile: 
  No lockfile
